2026-07-11T22:52:56.3045340Z Current runner version: '2.335.1'
2026-07-11T22:52:56.3083354Z ##[group]Runner Image Provisioner
2026-07-11T22:52:56.3085030Z Hosted Compute Agent
2026-07-11T22:52:56.3086203Z Version: 20260624.560
2026-07-11T22:52:56.3087452Z Commit: 925d229a51159bc391ae97e54a2dd1fe20af789d
2026-07-11T22:52:56.3089377Z Build Date: 2026-06-24T18:26:47Z
2026-07-11T22:52:56.3090766Z Worker ID: {b690a08c-799d-4ddf-99d1-9306a73b1971}
2026-07-11T22:52:56.3092267Z Azure Region: eastus
2026-07-11T22:52:56.3093459Z ##[endgroup]
2026-07-11T22:52:56.3096135Z ##[group]Operating System
2026-07-11T22:52:56.3097394Z Ubuntu
2026-07-11T22:52:56.3098847Z 24.04.4
2026-07-11T22:52:56.3099837Z LTS
2026-07-11T22:52:56.3100832Z ##[endgroup]
2026-07-11T22:52:56.3102098Z ##[group]Runner Image
2026-07-11T22:52:56.3103288Z Image: ubuntu-24.04
2026-07-11T22:52:56.3104561Z Version: 20260705.232.1
2026-07-11T22:52:56.3106983Z Included Software: https://github.com/actions/runner-images/blob/ubuntu24/20260705.232/images/ubuntu/Ubuntu2404-Readme.md
2026-07-11T22:52:56.3110328Z Image Release: https://github.com/actions/runner-images/releases/tag/ubuntu24%2F20260705.232
2026-07-11T22:52:56.3112239Z ##[endgroup]
2026-07-11T22:52:56.3114485Z ##[group]GITHUB_TOKEN Permissions
2026-07-11T22:52:56.3118042Z Contents: read
2026-07-11T22:52:56.3119229Z Metadata: read
2026-07-11T22:52:56.3120534Z Packages: read
2026-07-11T22:52:56.3121555Z ##[endgroup]
2026-07-11T22:52:56.3124646Z Secret source: Actions
2026-07-11T22:52:56.3126069Z Prepare workflow directory
2026-07-11T22:52:56.3622546Z Prepare all required actions
2026-07-11T22:52:56.3681980Z Getting action download info
2026-07-11T22:52:56.5514778Z Download action repository 'actions/checkout@v4' (SHA:34e114876b0b11c390a56381ad16ebd13914f8d5)
2026-07-11T22:52:56.6383055Z Download action repository 'actions/setup-python@v5' (SHA:a26af69be951a213d495a4c3e4e4022e16d87065)
2026-07-11T22:52:56.7138719Z Download action repository 'aws-actions/configure-aws-credentials@v4' (SHA:7474bc4690e29a8392af63c5b98e7449536d5c3a)
2026-07-11T22:52:56.8562230Z Download action repository 'aws-actions/setup-sam@v2' (SHA:f84ec7d548307efafe33230528756de3c5841a17)
2026-07-11T22:52:57.0882771Z Complete job name: deploy
2026-07-11T22:52:57.1815550Z Node 20 is being deprecated. This workflow is running with Node 24 by default. If you need to temporarily use Node 20, you can set the ACTIONS_ALLOW_USE_UNSECURE_NODE_VERSION=true environment variable. For more information see: https://github.blog/changelog/2025-09-19-deprecation-of-node-20-on-github-actions-runners/
2026-07-11T22:52:57.1824749Z ##[group]Run actions/checkout@v4
2026-07-11T22:52:57.1825521Z with:
2026-07-11T22:52:57.1826004Z   repository: KirtKurt/parlay-platform
2026-07-11T22:52:57.1830189Z   token: ***
2026-07-11T22:52:57.1830662Z   ssh-strict: true
2026-07-11T22:52:57.1831128Z   ssh-user: git
2026-07-11T22:52:57.1831594Z   persist-credentials: true
2026-07-11T22:52:57.1832106Z   clean: true
2026-07-11T22:52:57.1832569Z   sparse-checkout-cone-mode: true
2026-07-11T22:52:57.1833109Z   fetch-depth: 1
2026-07-11T22:52:57.1833579Z   fetch-tags: false
2026-07-11T22:52:57.1834037Z   show-progress: true
2026-07-11T22:52:57.1834496Z   lfs: false
2026-07-11T22:52:57.1834964Z   submodules: false
2026-07-11T22:52:57.1835429Z   set-safe-directory: true
2026-07-11T22:52:57.1836209Z ##[endgroup]
2026-07-11T22:52:57.2910191Z Syncing repository: KirtKurt/parlay-platform
2026-07-11T22:52:57.2912995Z ##[group]Getting Git version info
2026-07-11T22:52:57.2914395Z Working directory is '/home/runner/work/parlay-platform/parlay-platform'
2026-07-11T22:52:57.2916475Z [command]/usr/bin/git version
2026-07-11T22:52:57.3033493Z git version 2.54.0
2026-07-11T22:52:57.3060982Z ##[endgroup]
2026-07-11T22:52:57.3068512Z Temporarily overriding HOME='/home/runner/work/_temp/c7a12bdf-3790-4b69-b94e-62d32875d540' before making global git config changes
2026-07-11T22:52:57.3071536Z Adding repository directory to the temporary git global config as a safe directory
2026-07-11T22:52:57.3073995Z [command]/usr/bin/git config --global --add safe.directory /home/runner/work/parlay-platform/parlay-platform
2026-07-11T22:52:57.3136884Z Deleting the contents of '/home/runner/work/parlay-platform/parlay-platform'
2026-07-11T22:52:57.3159405Z ##[group]Initializing the repository
2026-07-11T22:52:57.3174954Z [command]/usr/bin/git init /home/runner/work/parlay-platform/parlay-platform
2026-07-11T22:52:57.3314114Z hint: Using 'master' as the name for the initial branch. This default branch name
2026-07-11T22:52:57.3320092Z hint: will change to "main" in Git 3.0. To configure the initial branch name
2026-07-11T22:52:57.3344992Z hint: to use in all of your new repositories, which will suppress this warning,
2026-07-11T22:52:57.3346541Z hint: call:
2026-07-11T22:52:57.3347453Z hint:
2026-07-11T22:52:57.3348950Z hint: 	git config --global init.defaultBranch <name>
2026-07-11T22:52:57.3350242Z hint:
2026-07-11T22:52:57.3351370Z hint: Names commonly chosen instead of 'master' are 'main', 'trunk' and
2026-07-11T22:52:57.3356194Z hint: 'development'. The just-created branch can be renamed via this command:
2026-07-11T22:52:57.3357969Z hint:
2026-07-11T22:52:57.3359037Z hint: 	git branch -m <name>
2026-07-11T22:52:57.3360126Z hint:
2026-07-11T22:52:57.3361413Z hint: Disable this message with "git config set advice.defaultBranchName false"
2026-07-11T22:52:57.3363554Z Initialized empty Git repository in /home/runner/work/parlay-platform/parlay-platform/.git/
2026-07-11T22:52:57.3367343Z [command]/usr/bin/git remote add origin https://github.com/KirtKurt/parlay-platform
2026-07-11T22:52:57.3419228Z ##[endgroup]
2026-07-11T22:52:57.3420804Z ##[group]Disabling automatic garbage collection
2026-07-11T22:52:57.3422151Z [command]/usr/bin/git config --local gc.auto 0
2026-07-11T22:52:57.3461084Z ##[endgroup]
2026-07-11T22:52:57.3462597Z ##[group]Setting up auth
2026-07-11T22:52:57.3466069Z [command]/usr/bin/git config --local --name-only --get-regexp core\.sshCommand
2026-07-11T22:52:57.3519583Z [command]/usr/bin/git submodule foreach --recursive sh -c "git config --local --name-only --get-regexp 'core\.sshCommand' && git config --local --unset-all 'core.sshCommand' || :"
2026-07-11T22:52:57.3973896Z [command]/usr/bin/git config --local --name-only --get-regexp http\.https\:\/\/github\.com\/\.extraheader
2026-07-11T22:52:57.4007935Z [command]/usr/bin/git submodule foreach --recursive sh -c "git config --local --name-only --get-regexp 'http\.https\:\/\/github\.com\/\.extraheader' && git config --local --unset-all 'http.https://github.com/.extraheader' || :"
2026-07-11T22:52:57.4234837Z [command]/usr/bin/git config --local --name-only --get-regexp ^includeIf\.gitdir:
2026-07-11T22:52:57.4271165Z [command]/usr/bin/git submodule foreach --recursive git config --local --show-origin --name-only --get-regexp remote.origin.url
2026-07-11T22:52:57.4494164Z [command]/usr/bin/git config --local http.https://github.com/.extraheader AUTHORIZATION: basic ***
2026-07-11T22:52:57.4532668Z ##[endgroup]
2026-07-11T22:52:57.4534135Z ##[group]Fetching the repository
2026-07-11T22:52:57.4543988Z [command]/usr/bin/git -c protocol.version=2 fetch --no-tags --prune --no-recurse-submodules --depth=1 origin +8df3d0438e94918654a4e5a226e23b7b4e02af2c:refs/remotes/origin/main
2026-07-11T22:52:58.1322132Z From https://github.com/KirtKurt/parlay-platform
2026-07-11T22:52:58.1323284Z  * [new ref]         8df3d0438e94918654a4e5a226e23b7b4e02af2c -> origin/main
2026-07-11T22:52:58.1357314Z ##[endgroup]
2026-07-11T22:52:58.1358438Z ##[group]Determining the checkout info
2026-07-11T22:52:58.1361122Z ##[endgroup]
2026-07-11T22:52:58.1369287Z [command]/usr/bin/git sparse-checkout disable
2026-07-11T22:52:58.1419929Z [command]/usr/bin/git config --local --unset-all extensions.worktreeConfig
2026-07-11T22:52:58.1451035Z ##[group]Checking out the ref
2026-07-11T22:52:58.1454892Z [command]/usr/bin/git checkout --progress --force -B main refs/remotes/origin/main
2026-07-11T22:52:58.1946899Z Switched to a new branch 'main'
2026-07-11T22:52:58.1948818Z branch 'main' set up to track 'origin/main'.
2026-07-11T22:52:58.1960827Z ##[endgroup]
2026-07-11T22:52:58.2011781Z [command]/usr/bin/git log -1 --format=%H
2026-07-11T22:52:58.2039115Z 8df3d0438e94918654a4e5a226e23b7b4e02af2c
2026-07-11T22:52:58.2381661Z Node 20 is being deprecated. This workflow is running with Node 24 by default. If you need to temporarily use Node 20, you can set the ACTIONS_ALLOW_USE_UNSECURE_NODE_VERSION=true environment variable. For more information see: https://github.blog/changelog/2025-09-19-deprecation-of-node-20-on-github-actions-runners/
2026-07-11T22:52:58.2386406Z ##[group]Run actions/setup-python@v5
2026-07-11T22:52:58.2387130Z with:
2026-07-11T22:52:58.2387599Z   python-version: 3.11
2026-07-11T22:52:58.2388436Z   check-latest: false
2026-07-11T22:52:58.2396681Z   token: ***
2026-07-11T22:52:58.2397203Z   update-environment: true
2026-07-11T22:52:58.2398013Z   allow-prereleases: false
2026-07-11T22:52:58.2398643Z   freethreaded: false
2026-07-11T22:52:58.2399192Z ##[endgroup]
2026-07-11T22:52:58.3719248Z ##[group]Installed versions
2026-07-11T22:52:58.3825515Z (node:2298) [DEP0040] DeprecationWarning: The `punycode` module is deprecated. Please use a userland alternative instead.
2026-07-11T22:52:58.3829003Z (Use `node --trace-deprecation ...` to show where the warning was created)
2026-07-11T22:52:58.3830236Z Successfully set up CPython (3.11.15)
2026-07-11T22:52:58.3831446Z ##[endgroup]
2026-07-11T22:52:58.4182888Z Node 20 is being deprecated. This workflow is running with Node 24 by default. If you need to temporarily use Node 20, you can set the ACTIONS_ALLOW_USE_UNSECURE_NODE_VERSION=true environment variable. For more information see: https://github.blog/changelog/2025-09-19-deprecation-of-node-20-on-github-actions-runners/
2026-07-11T22:52:58.4190369Z ##[group]Run aws-actions/configure-aws-credentials@v4
2026-07-11T22:52:58.4191943Z with:
2026-07-11T22:52:58.4193039Z   aws-access-key-id: ***
2026-07-11T22:52:58.4194164Z   aws-secret-access-key: ***
2026-07-11T22:52:58.4195167Z   aws-region: ***
2026-07-11T22:52:58.4195887Z   audience: sts.amazonaws.com
2026-07-11T22:52:58.4196622Z   output-env-credentials: true
2026-07-11T22:52:58.4197261Z env:
2026-07-11T22:52:58.4198292Z   pythonLocation: /opt/hostedtoolcache/Python/3.11.15/x64
2026-07-11T22:52:58.4199719Z   PKG_CONFIG_PATH: /opt/hostedtoolcache/Python/3.11.15/x64/lib/pkgconfig
2026-07-11T22:52:58.4201037Z   Python_ROOT_DIR: /opt/hostedtoolcache/Python/3.11.15/x64
2026-07-11T22:52:58.4202139Z   Python2_ROOT_DIR: /opt/hostedtoolcache/Python/3.11.15/x64
2026-07-11T22:52:58.4203253Z   Python3_ROOT_DIR: /opt/hostedtoolcache/Python/3.11.15/x64
2026-07-11T22:52:58.4204364Z   LD_LIBRARY_PATH: /opt/hostedtoolcache/Python/3.11.15/x64/lib
2026-07-11T22:52:58.4205267Z ##[endgroup]
2026-07-11T22:52:58.5986633Z Proceeding with IAM user credentials
2026-07-11T22:52:58.6136444Z ##[group]Run aws sts get-caller-identity
2026-07-11T22:52:58.6137292Z [36;1maws sts get-caller-identity[0m
2026-07-11T22:52:58.6342311Z shell: /usr/bin/bash -e {0}
2026-07-11T22:52:58.6342732Z env:
2026-07-11T22:52:58.6343105Z   pythonLocation: /opt/hostedtoolcache/Python/3.11.15/x64
2026-07-11T22:52:58.6343693Z   PKG_CONFIG_PATH: /opt/hostedtoolcache/Python/3.11.15/x64/lib/pkgconfig
2026-07-11T22:52:58.6344255Z   Python_ROOT_DIR: /opt/hostedtoolcache/Python/3.11.15/x64
2026-07-11T22:52:58.6344771Z   Python2_ROOT_DIR: /opt/hostedtoolcache/Python/3.11.15/x64
2026-07-11T22:52:58.6345313Z   Python3_ROOT_DIR: /opt/hostedtoolcache/Python/3.11.15/x64
2026-07-11T22:52:58.6345831Z   LD_LIBRARY_PATH: /opt/hostedtoolcache/Python/3.11.15/x64/lib
2026-07-11T22:52:58.6346587Z   AWS_DEFAULT_REGION: ***
2026-07-11T22:52:58.6346961Z   AWS_REGION: ***
2026-07-11T22:52:58.6347308Z   AWS_ACCESS_KEY_ID: ***
2026-07-11T22:52:58.6348069Z   AWS_SECRET_ACCESS_KEY: ***
2026-07-11T22:52:58.6348511Z ##[endgroup]
2026-07-11T22:52:59.6870869Z {
2026-07-11T22:52:59.6871476Z     "UserId": "AIDA2WS447Q5R6R7TI4UA",
2026-07-11T22:52:59.6872068Z     "Account": "735707987003",
2026-07-11T22:52:59.6872820Z     "Arn": "arn:aws:iam::735707987003:user/github-parlay-platform-deploy"
2026-07-11T22:52:59.6874092Z }
2026-07-11T22:52:59.7665263Z ##[group]Run if [ -z "${ODDS_API_KEY_VALUE:-}" ]; then
2026-07-11T22:52:59.7665863Z [36;1mif [ -z "${ODDS_API_KEY_VALUE:-}" ]; then[0m
2026-07-11T22:52:59.7666542Z [36;1m  echo "::error::Missing ODDS_API_KEY GitHub secret. MLB production pulls must use The Odds API only."[0m
2026-07-11T22:52:59.7667193Z [36;1m  exit 1[0m
2026-07-11T22:52:59.7667535Z [36;1mfi[0m
2026-07-11T22:52:59.7668287Z [36;1mecho "ODDS_API_KEY secret is present."[0m
2026-07-11T22:52:59.7703064Z shell: /usr/bin/bash -e {0}
2026-07-11T22:52:59.7703462Z env:
2026-07-11T22:52:59.7703857Z   pythonLocation: /opt/hostedtoolcache/Python/3.11.15/x64
2026-07-11T22:52:59.7704440Z   PKG_CONFIG_PATH: /opt/hostedtoolcache/Python/3.11.15/x64/lib/pkgconfig
2026-07-11T22:52:59.7705035Z   Python_ROOT_DIR: /opt/hostedtoolcache/Python/3.11.15/x64
2026-07-11T22:52:59.7705557Z   Python2_ROOT_DIR: /opt/hostedtoolcache/Python/3.11.15/x64
2026-07-11T22:52:59.7706108Z   Python3_ROOT_DIR: /opt/hostedtoolcache/Python/3.11.15/x64
2026-07-11T22:52:59.7706651Z   LD_LIBRARY_PATH: /opt/hostedtoolcache/Python/3.11.15/x64/lib
2026-07-11T22:52:59.7707278Z   AWS_DEFAULT_REGION: ***
2026-07-11T22:52:59.7707964Z   AWS_REGION: ***
2026-07-11T22:52:59.7708435Z   AWS_ACCESS_KEY_ID: ***
2026-07-11T22:52:59.7708901Z   AWS_SECRET_ACCESS_KEY: ***
2026-07-11T22:52:59.7709327Z   ODDS_API_KEY_VALUE: ***
2026-07-11T22:52:59.7709720Z ##[endgroup]
2026-07-11T22:52:59.7766648Z ODDS_API_KEY secret is present.
2026-07-11T22:52:59.7798943Z ##[group]Run if [ -z "${INQSI_ADMIN_API_TOKEN_VALUE:-}" ]; then
2026-07-11T22:52:59.7799507Z [36;1mif [ -z "${INQSI_ADMIN_API_TOKEN_VALUE:-}" ]; then[0m
2026-07-11T22:52:59.7800137Z [36;1m  echo "::error::Missing INQSI_ADMIN_API_TOKEN GitHub secret. MLB ingest/lock write routes require it."[0m
2026-07-11T22:52:59.7800722Z [36;1m  exit 1[0m
2026-07-11T22:52:59.7801019Z [36;1mfi[0m
2026-07-11T22:52:59.7801347Z [36;1mecho "INQSI_ADMIN_API_TOKEN secret is present."[0m
2026-07-11T22:52:59.7832472Z shell: /usr/bin/bash -e {0}
2026-07-11T22:52:59.7832798Z env:
2026-07-11T22:52:59.7833134Z   pythonLocation: /opt/hostedtoolcache/Python/3.11.15/x64
2026-07-11T22:52:59.7833671Z   PKG_CONFIG_PATH: /opt/hostedtoolcache/Python/3.11.15/x64/lib/pkgconfig
2026-07-11T22:52:59.7834183Z   Python_ROOT_DIR: /opt/hostedtoolcache/Python/3.11.15/x64
2026-07-11T22:52:59.7834646Z   Python2_ROOT_DIR: /opt/hostedtoolcache/Python/3.11.15/x64
2026-07-11T22:52:59.7835149Z   Python3_ROOT_DIR: /opt/hostedtoolcache/Python/3.11.15/x64
2026-07-11T22:52:59.7835632Z   LD_LIBRARY_PATH: /opt/hostedtoolcache/Python/3.11.15/x64/lib
2026-07-11T22:52:59.7836112Z   AWS_DEFAULT_REGION: ***
2026-07-11T22:52:59.7836448Z   AWS_REGION: ***
2026-07-11T22:52:59.7836762Z   AWS_ACCESS_KEY_ID: ***
2026-07-11T22:52:59.7837165Z   AWS_SECRET_ACCESS_KEY: ***
2026-07-11T22:52:59.7837502Z   INQSI_ADMIN_API_TOKEN_VALUE: ***
2026-07-11T22:52:59.7838058Z ##[endgroup]
2026-07-11T22:52:59.7891864Z INQSI_ADMIN_API_TOKEN secret is present.
2026-07-11T22:52:59.7944217Z Node 20 is being deprecated. This workflow is running with Node 24 by default. If you need to temporarily use Node 20, you can set the ACTIONS_ALLOW_USE_UNSECURE_NODE_VERSION=true environment variable. For more information see: https://github.blog/changelog/2025-09-19-deprecation-of-node-20-on-github-actions-runners/
2026-07-11T22:52:59.7945646Z ##[group]Run aws-actions/setup-sam@v2
2026-07-11T22:52:59.7946017Z with:
2026-07-11T22:52:59.7946326Z   use-installer: false
2026-07-11T22:52:59.7946648Z env:
2026-07-11T22:52:59.7947024Z   pythonLocation: /opt/hostedtoolcache/Python/3.11.15/x64
2026-07-11T22:52:59.7947587Z   PKG_CONFIG_PATH: /opt/hostedtoolcache/Python/3.11.15/x64/lib/pkgconfig
2026-07-11T22:52:59.7948417Z   Python_ROOT_DIR: /opt/hostedtoolcache/Python/3.11.15/x64
2026-07-11T22:52:59.7948940Z   Python2_ROOT_DIR: /opt/hostedtoolcache/Python/3.11.15/x64
2026-07-11T22:52:59.7949443Z   Python3_ROOT_DIR: /opt/hostedtoolcache/Python/3.11.15/x64
2026-07-11T22:52:59.7949999Z   LD_LIBRARY_PATH: /opt/hostedtoolcache/Python/3.11.15/x64/lib
2026-07-11T22:52:59.7950704Z   AWS_DEFAULT_REGION: ***
2026-07-11T22:52:59.7951068Z   AWS_REGION: ***
2026-07-11T22:52:59.7951413Z   AWS_ACCESS_KEY_ID: ***
2026-07-11T22:52:59.7951850Z   AWS_SECRET_ACCESS_KEY: ***
2026-07-11T22:52:59.7952186Z ##[endgroup]
2026-07-11T22:52:59.9134733Z [command]/opt/hostedtoolcache/Python/3.11.15/x64/bin/python3 --version
2026-07-11T22:52:59.9328944Z Python 3.11.15
2026-07-11T22:52:59.9351011Z [command]/opt/hostedtoolcache/Python/3.11.15/x64/bin/python3 -m venv /home/runner/work/_temp/setup-sam-ADPBIz/.venv
2026-07-11T22:53:03.9065837Z [command]/home/runner/work/_temp/setup-sam-ADPBIz/.venv/bin/python -m pip install --upgrade pip
2026-07-11T22:53:04.2259364Z Requirement already satisfied: pip in /home/runner/work/_temp/setup-sam-ADPBIz/.venv/lib/python3.11/site-packages (24.0)
2026-07-11T22:53:04.3200398Z Collecting pip
2026-07-11T22:53:04.3564021Z   Downloading pip-26.1.2-py3-none-any.whl.metadata (4.6 kB)
2026-07-11T22:53:04.3654239Z Downloading pip-26.1.2-py3-none-any.whl (1.8 MB)
2026-07-11T22:53:04.4081493Z    ━━━━━━━━━━━━━━━━━━━━━━━━━━━━━━━━━━━━━━━━ 1.8/1.8 MB 45.4 MB/s eta 0:00:00
2026-07-11T22:53:04.4557298Z Installing collected packages: pip
2026-07-11T22:53:04.4558717Z   Attempting uninstall: pip
2026-07-11T22:53:04.4580027Z     Found existing installation: pip 24.0
2026-07-11T22:53:04.4969356Z     Uninstalling pip-24.0:
2026-07-11T22:53:04.5030762Z       Successfully uninstalled pip-24.0
2026-07-11T22:53:05.3397484Z Successfully installed pip-26.1.2
2026-07-11T22:53:05.4996659Z [command]/home/runner/work/_temp/setup-sam-ADPBIz/.venv/bin/python -m pip install --upgrade setuptools wheel
2026-07-11T22:53:05.8043307Z Requirement already satisfied: setuptools in /home/runner/work/_temp/setup-sam-ADPBIz/.venv/lib/python3.11/site-packages (79.0.1)
2026-07-11T22:53:05.9748047Z Collecting setuptools
2026-07-11T22:53:06.0254785Z   Downloading setuptools-83.0.0-py3-none-any.whl.metadata (6.6 kB)
2026-07-11T22:53:06.0494534Z Collecting wheel
2026-07-11T22:53:06.0542094Z   Downloading wheel-0.47.0-py3-none-any.whl.metadata (2.3 kB)
2026-07-11T22:53:06.0736874Z Collecting packaging>=24.0 (from wheel)
2026-07-11T22:53:06.0773037Z   Downloading packaging-26.2-py3-none-any.whl.metadata (3.5 kB)
2026-07-11T22:53:06.0851042Z Downloading setuptools-83.0.0-py3-none-any.whl (1.0 MB)
2026-07-11T22:53:06.1191937Z    ━━━━━━━━━━━━━━━━━━━━━━━━━━━━━━━━━━━━━━━━ 1.0/1.0 MB 80.7 MB/s  0:00:00
2026-07-11T22:53:06.1230031Z Downloading wheel-0.47.0-py3-none-any.whl (32 kB)
2026-07-11T22:53:06.1292869Z Downloading packaging-26.2-py3-none-any.whl (100 kB)
2026-07-11T22:53:06.1564615Z Installing collected packages: setuptools, packaging, wheel
2026-07-11T22:53:06.1568527Z   Attempting uninstall: setuptools
2026-07-11T22:53:06.1584726Z     Found existing installation: setuptools 79.0.1
2026-07-11T22:53:06.1898986Z     Uninstalling setuptools-79.0.1:
2026-07-11T22:53:06.2037543Z       Successfully uninstalled setuptools-79.0.1
2026-07-11T22:53:06.8758160Z 
2026-07-11T22:53:06.8765366Z Successfully installed packaging-26.2 setuptools-83.0.0 wheel-0.47.0
2026-07-11T22:53:06.9276284Z [command]/home/runner/work/_temp/setup-sam-ADPBIz/.venv/bin/python -m pip install cython<3.0.0 pyyaml==5.4.1 --no-build-isolation
2026-07-11T22:53:07.4901815Z Collecting cython<3.0.0
2026-07-11T22:53:07.5420999Z   Downloading Cython-0.29.37-cp311-cp311-manylinux_2_17_x86_64.manylinux2014_x86_64.manylinux_2_24_x86_64.whl.metadata (3.1 kB)
2026-07-11T22:53:07.5753291Z Collecting pyyaml==5.4.1
2026-07-11T22:53:07.5828917Z   Downloading PyYAML-5.4.1.tar.gz (175 kB)
2026-07-11T22:53:07.7504624Z   Preparing metadata (pyproject.toml): started
2026-07-11T22:53:07.9617002Z   Preparing metadata (pyproject.toml): finished with status 'done'
2026-07-11T22:53:07.9684418Z Downloading Cython-0.29.37-cp311-cp311-manylinux_2_17_x86_64.manylinux2014_x86_64.manylinux_2_24_x86_64.whl (1.9 MB)
2026-07-11T22:53:07.9909371Z    ━━━━━━━━━━━━━━━━━━━━━━━━━━━━━━━━━━━━━━━━ 1.9/1.9 MB 102.4 MB/s  0:00:00
2026-07-11T22:53:07.9983136Z Building wheels for collected packages: pyyaml
2026-07-11T22:53:07.9992437Z   Building wheel for pyyaml (pyproject.toml): started
2026-07-11T22:53:08.2482228Z   Building wheel for pyyaml (pyproject.toml): finished with status 'done'
2026-07-11T22:53:08.2487605Z   Created wheel for pyyaml: filename=pyyaml-5.4.1-cp311-cp311-linux_x86_64.whl size=45753 sha256=4bdf0e2f68455fb2bace62897cb92e938f234c4cb891fa6bf295d7a130d575d4
2026-07-11T22:53:08.2489819Z   Stored in directory: /home/runner/.cache/pip/wheels/2f/2f/af/a062a8f866dc44812a825da11175d50d7f255900f3b38c79b5
2026-07-11T22:53:08.2509399Z Successfully built pyyaml
2026-07-11T22:53:08.2613161Z Installing collected packages: pyyaml, cython
2026-07-11T22:53:08.8535167Z 
2026-07-11T22:53:08.8543755Z Successfully installed cython-0.29.37 pyyaml-5.4.1
2026-07-11T22:53:08.9221239Z [command]/home/runner/work/_temp/setup-sam-ADPBIz/.venv/bin/python -m pip install --upgrade aws-sam-cli==1.*
2026-07-11T22:53:09.3191386Z Collecting aws-sam-cli==1.*
2026-07-11T22:53:09.3724729Z   Downloading aws_sam_cli-1.163.0-py3-none-any.whl.metadata (12 kB)
2026-07-11T22:53:09.3885931Z Collecting chevron~=0.12 (from aws-sam-cli==1.*)
2026-07-11T22:53:09.3943836Z   Downloading chevron-0.14.0-py3-none-any.whl.metadata (4.9 kB)
2026-07-11T22:53:09.4099471Z Collecting click==8.1.8 (from aws-sam-cli==1.*)
2026-07-11T22:53:09.4142043Z   Downloading click-8.1.8-py3-none-any.whl.metadata (2.3 kB)
2026-07-11T22:53:09.4311967Z Collecting Flask<3.2 (from aws-sam-cli==1.*)
2026-07-11T22:53:09.4362823Z   Downloading flask-3.1.3-py3-none-any.whl.metadata (3.2 kB)
2026-07-11T22:53:09.6144710Z Collecting boto3==1.43.38 (from boto3[crt]==1.43.38->aws-sam-cli==1.*)
2026-07-11T22:53:09.6195439Z   Downloading boto3-1.43.38-py3-none-any.whl.metadata (6.6 kB)
2026-07-11T22:53:09.6333115Z Collecting jmespath~=1.1.0 (from aws-sam-cli==1.*)
2026-07-11T22:53:09.6368969Z   Downloading jmespath-1.1.0-py3-none-any.whl.metadata (7.6 kB)
2026-07-11T22:53:09.7429927Z Collecting ruamel_yaml~=0.19.1 (from aws-sam-cli==1.*)
2026-07-11T22:53:09.7468021Z   Downloading ruamel_yaml-0.19.1-py3-none-any.whl.metadata (16 kB)
2026-07-11T22:53:09.7800036Z Collecting PyYAML~=6.0 (from aws-sam-cli==1.*)
2026-07-11T22:53:09.7837348Z   Downloading pyyaml-6.0.3-cp311-cp311-manylinux2014_x86_64.manylinux_2_17_x86_64.manylinux_2_28_x86_64.whl.metadata (2.4 kB)
2026-07-11T22:53:09.7967525Z Collecting cookiecutter<2.8,>=2.6 (from aws-sam-cli==1.*)
2026-07-11T22:53:09.8016790Z   Downloading cookiecutter-2.7.1-py3-none-any.whl.metadata (7.3 kB)
2026-07-11T22:53:09.8212915Z Collecting aws-sam-translator==1.111.0 (from aws-sam-cli==1.*)
2026-07-11T22:53:09.8287367Z   Downloading aws_sam_translator-1.111.0-py3-none-any.whl.metadata (8.6 kB)
2026-07-11T22:53:09.8469321Z Collecting docker~=7.1.0 (from aws-sam-cli==1.*)
2026-07-11T22:53:09.8510766Z   Downloading docker-7.1.0-py3-none-any.whl.metadata (3.8 kB)
2026-07-11T22:53:09.8661164Z Collecting dateparser~=1.3 (from aws-sam-cli==1.*)
2026-07-11T22:53:09.8695557Z   Downloading dateparser-1.4.1-py3-none-any.whl.metadata (22 kB)
2026-07-11T22:53:09.8901489Z Collecting requests<2.35.0,>=2.32.5 (from aws-sam-cli==1.*)
2026-07-11T22:53:09.8936926Z   Downloading requests-2.34.2-py3-none-any.whl.metadata (4.8 kB)
2026-07-11T22:53:09.9296974Z Collecting aws_lambda_builders==1.65.0 (from aws-sam-cli==1.*)
2026-07-11T22:53:09.9355693Z   Downloading aws_lambda_builders-1.65.0-py3-none-any.whl.metadata (3.3 kB)
2026-07-11T22:53:09.9502161Z Collecting tomlkit==0.15.0 (from aws-sam-cli==1.*)
2026-07-11T22:53:09.9538166Z   Downloading tomlkit-0.15.0-py3-none-any.whl.metadata (2.8 kB)
2026-07-11T22:53:09.9908827Z Collecting watchdog==4.0.2 (from aws-sam-cli==1.*)
2026-07-11T22:53:09.9960659Z   Downloading watchdog-4.0.2-py3-none-manylinux2014_x86_64.whl.metadata (38 kB)
2026-07-11T22:53:10.0245055Z Collecting rich<15.1.0,>=14.3.3 (from aws-sam-cli==1.*)
2026-07-11T22:53:10.0281987Z   Downloading rich-15.0.0-py3-none-any.whl.metadata (18 kB)
2026-07-11T22:53:10.0443327Z Collecting pyopenssl<26.3,>=25.3 (from aws-sam-cli==1.*)
2026-07-11T22:53:10.0477468Z   Downloading pyopenssl-26.2.0-py3-none-any.whl.metadata (19 kB)
2026-07-11T22:53:10.0709045Z Collecting jsonschema<4.27 (from aws-sam-cli==1.*)
2026-07-11T22:53:10.0755098Z   Downloading jsonschema-4.26.0-py3-none-any.whl.metadata (7.6 kB)
2026-07-11T22:53:10.0924761Z Collecting typing_extensions<5,>=4.4.0 (from aws-sam-cli==1.*)
2026-07-11T22:53:10.0960771Z   Downloading typing_extensions-4.16.0-py3-none-any.whl.metadata (3.3 kB)
2026-07-11T22:53:10.4505952Z Collecting regex!=2021.10.8 (from aws-sam-cli==1.*)
2026-07-11T22:53:10.4551169Z   Downloading regex-2026.7.10-cp311-cp311-manylinux2014_x86_64.manylinux_2_17_x86_64.manylinux_2_28_x86_64.whl.metadata (40 kB)
2026-07-11T22:53:10.4704731Z Collecting tzlocal==5.3.1 (from aws-sam-cli==1.*)
2026-07-11T22:53:10.4764360Z   Downloading tzlocal-5.3.1-py3-none-any.whl.metadata (7.6 kB)
2026-07-11T22:53:10.5189325Z Collecting cfn-lint<1.53,>=1.51.3 (from aws-sam-cli==1.*)
2026-07-11T22:53:10.5246637Z   Downloading cfn_lint-1.52.1-py3-none-any.whl.metadata (24 kB)
2026-07-11T22:53:10.6621758Z Collecting boto3-stubs>=1.41.0 (from boto3-stubs[apigateway,cloudformation,ecr,iam,kinesis,lambda,s3,schemas,secretsmanager,signer,sqs,stepfunctions,sts,xray]>=1.41.0->aws-sam-cli==1.*)
2026-07-11T22:53:10.6676174Z   Downloading boto3_stubs-1.43.46-py3-none-any.whl.metadata (156 kB)
2026-07-11T22:53:11.1219770Z Collecting python-dotenv<1.3,>=1.0 (from aws-sam-cli==1.*)
2026-07-11T22:53:11.1256200Z   Downloading python_dotenv-1.2.2-py3-none-any.whl.metadata (27 kB)
2026-07-11T22:53:11.1313720Z Requirement already satisfied: setuptools in /home/runner/work/_temp/setup-sam-ADPBIz/.venv/lib/python3.11/site-packages (from aws_lambda_builders==1.65.0->aws-sam-cli==1.*) (83.0.0)
2026-07-11T22:53:11.1316955Z Requirement already satisfied: wheel in /home/runner/work/_temp/setup-sam-ADPBIz/.venv/lib/python3.11/site-packages (from aws_lambda_builders==1.65.0->aws-sam-cli==1.*) (0.47.0)
2026-07-11T22:53:11.2703622Z Collecting pydantic~=2.13.3 (from aws-sam-translator==1.111.0->aws-sam-cli==1.*)
2026-07-11T22:53:11.2752317Z   Downloading pydantic-2.13.4-py3-none-any.whl.metadata (109 kB)
2026-07-11T22:53:11.4670754Z Collecting botocore<1.44.0,>=1.43.38 (from boto3==1.43.38->boto3[crt]==1.43.38->aws-sam-cli==1.*)
2026-07-11T22:53:11.4711484Z   Downloading botocore-1.43.46-py3-none-any.whl.metadata (5.6 kB)
2026-07-11T22:53:11.4923539Z Collecting s3transfer<0.20.0,>=0.19.0 (from boto3==1.43.38->boto3[crt]==1.43.38->aws-sam-cli==1.*)
2026-07-11T22:53:11.4963436Z   Downloading s3transfer-0.19.1-py3-none-any.whl.metadata (1.7 kB)
2026-07-11T22:53:11.5283259Z Collecting python-dateutil<3.0.0,>=2.1 (from botocore<1.44.0,>=1.43.38->boto3==1.43.38->boto3[crt]==1.43.38->aws-sam-cli==1.*)
2026-07-11T22:53:11.5318152Z   Downloading python_dateutil-2.9.0.post0-py2.py3-none-any.whl.metadata (8.4 kB)
2026-07-11T22:53:11.5522870Z Collecting urllib3!=2.2.0,<3,>=1.25.4 (from botocore<1.44.0,>=1.43.38->boto3==1.43.38->boto3[crt]==1.43.38->aws-sam-cli==1.*)
2026-07-11T22:53:11.5556374Z   Downloading urllib3-2.7.0-py3-none-any.whl.metadata (6.9 kB)
2026-07-11T22:53:11.8976045Z Collecting awscrt==0.32.2 (from botocore[crt]<2.0a0,>=1.21.0; extra == "crt"->boto3[crt]==1.43.38->aws-sam-cli==1.*)
2026-07-11T22:53:11.9029312Z   Downloading awscrt-0.32.2-cp311-abi3-manylinux2014_x86_64.manylinux_2_17_x86_64.whl.metadata (10 kB)
2026-07-11T22:53:11.9190105Z Collecting jsonpatch (from cfn-lint<1.53,>=1.51.3->aws-sam-cli==1.*)
2026-07-11T22:53:11.9227651Z   Downloading jsonpatch-1.33-py2.py3-none-any.whl.metadata (3.0 kB)
2026-07-11T22:53:11.9425619Z Collecting networkx<4,>=2.4 (from cfn-lint<1.53,>=1.51.3->aws-sam-cli==1.*)
2026-07-11T22:53:11.9467657Z   Downloading networkx-3.6.1-py3-none-any.whl.metadata (6.8 kB)
2026-07-11T22:53:11.9648967Z Collecting sympy>=1.14.0 (from cfn-lint<1.53,>=1.51.3->aws-sam-cli==1.*)
2026-07-11T22:53:11.9688262Z   Downloading sympy-1.14.0-py3-none-any.whl.metadata (12 kB)
2026-07-11T22:53:11.9812236Z Collecting binaryornot>=0.4.4 (from cookiecutter<2.8,>=2.6->aws-sam-cli==1.*)
2026-07-11T22:53:11.9847135Z   Downloading binaryornot-0.6.0-py3-none-any.whl.metadata (2.9 kB)
2026-07-11T22:53:11.9989076Z Collecting Jinja2<4.0.0,>=2.7 (from cookiecutter<2.8,>=2.6->aws-sam-cli==1.*)
2026-07-11T22:53:12.0023167Z   Downloading jinja2-3.1.6-py3-none-any.whl.metadata (2.9 kB)
2026-07-11T22:53:12.0162520Z Collecting python-slugify>=4.0.0 (from cookiecutter<2.8,>=2.6->aws-sam-cli==1.*)
2026-07-11T22:53:12.0197331Z   Downloading python_slugify-8.0.4-py2.py3-none-any.whl.metadata (8.5 kB)
2026-07-11T22:53:12.0362796Z Collecting arrow (from cookiecutter<2.8,>=2.6->aws-sam-cli==1.*)
2026-07-11T22:53:12.0396716Z   Downloading arrow-1.4.0-py3-none-any.whl.metadata (7.7 kB)
2026-07-11T22:53:12.0722053Z Collecting pytz>=2024.2 (from dateparser~=1.3->aws-sam-cli==1.*)
2026-07-11T22:53:12.0758930Z   Downloading pytz-2026.2-py2.py3-none-any.whl.metadata (22 kB)
2026-07-11T22:53:12.0956879Z Collecting blinker>=1.9.0 (from Flask<3.2->aws-sam-cli==1.*)
2026-07-11T22:53:12.1095830Z   Downloading blinker-1.9.0-py3-none-any.whl.metadata (1.6 kB)
2026-07-11T22:53:12.1215757Z Collecting itsdangerous>=2.2.0 (from Flask<3.2->aws-sam-cli==1.*)
2026-07-11T22:53:12.1249905Z   Downloading itsdangerous-2.2.0-py3-none-any.whl.metadata (1.9 kB)
2026-07-11T22:53:12.1701691Z Collecting markupsafe>=2.1.1 (from Flask<3.2->aws-sam-cli==1.*)
2026-07-11T22:53:12.1739794Z   Downloading markupsafe-3.0.3-cp311-cp311-manylinux2014_x86_64.manylinux_2_17_x86_64.manylinux_2_28_x86_64.whl.metadata (2.7 kB)
2026-07-11T22:53:12.1908399Z Collecting werkzeug>=3.1.0 (from Flask<3.2->aws-sam-cli==1.*)
2026-07-11T22:53:12.1944487Z   Downloading werkzeug-3.1.8-py3-none-any.whl.metadata (4.0 kB)
2026-07-11T22:53:12.2095660Z Collecting attrs>=22.2.0 (from jsonschema<4.27->aws-sam-cli==1.*)
2026-07-11T22:53:12.2135888Z   Downloading attrs-26.1.0-py3-none-any.whl.metadata (8.8 kB)
2026-07-11T22:53:12.2262187Z Collecting jsonschema-specifications>=2023.03.6 (from jsonschema<4.27->aws-sam-cli==1.*)
2026-07-11T22:53:12.2297650Z   Downloading jsonschema_specifications-2025.9.1-py3-none-any.whl.metadata (2.9 kB)
2026-07-11T22:53:12.2478680Z Collecting referencing>=0.28.4 (from jsonschema<4.27->aws-sam-cli==1.*)
2026-07-11T22:53:12.2514971Z   Downloading referencing-0.37.0-py3-none-any.whl.metadata (2.8 kB)
2026-07-11T22:53:12.5318833Z Collecting rpds-py>=0.25.0 (from jsonschema<4.27->aws-sam-cli==1.*)
2026-07-11T22:53:12.5359097Z   Downloading rpds_py-2026.6.3-cp311-cp311-manylinux_2_17_x86_64.manylinux2014_x86_64.whl.metadata (4.1 kB)
2026-07-11T22:53:12.5484525Z Collecting annotated-types>=0.6.0 (from pydantic~=2.13.3->aws-sam-translator==1.111.0->aws-sam-cli==1.*)
2026-07-11T22:53:12.5522192Z   Downloading annotated_types-0.7.0-py3-none-any.whl.metadata (15 kB)
2026-07-11T22:53:13.1682933Z Collecting pydantic-core==2.46.4 (from pydantic~=2.13.3->aws-sam-translator==1.111.0->aws-sam-cli==1.*)
2026-07-11T22:53:13.1719109Z   Downloading pydantic_core-2.46.4-cp311-cp311-manylinux_2_17_x86_64.manylinux2014_x86_64.whl.metadata (6.6 kB)
2026-07-11T22:53:13.1835744Z Collecting typing-inspection>=0.4.2 (from pydantic~=2.13.3->aws-sam-translator==1.111.0->aws-sam-cli==1.*)
2026-07-11T22:53:13.1870395Z   Downloading typing_inspection-0.4.2-py3-none-any.whl.metadata (2.6 kB)
2026-07-11T22:53:13.4012604Z Collecting cryptography<49,>=46.0.0 (from pyopenssl<26.3,>=25.3->aws-sam-cli==1.*)
2026-07-11T22:53:13.4054860Z   Downloading cryptography-48.0.1-cp311-abi3-manylinux_2_34_x86_64.whl.metadata (4.3 kB)
2026-07-11T22:53:13.4948404Z Collecting cffi>=2.0.0 (from cryptography<49,>=46.0.0->pyopenssl<26.3,>=25.3->aws-sam-cli==1.*)
2026-07-11T22:53:13.4995696Z   Downloading cffi-2.1.0-cp311-cp311-manylinux2014_x86_64.manylinux_2_17_x86_64.whl.metadata (2.5 kB)
2026-07-11T22:53:13.5131134Z Collecting six>=1.5 (from python-dateutil<3.0.0,>=2.1->botocore<1.44.0,>=1.43.38->boto3==1.43.38->boto3[crt]==1.43.38->aws-sam-cli==1.*)
2026-07-11T22:53:13.5166118Z   Downloading six-1.17.0-py2.py3-none-any.whl.metadata (1.7 kB)
2026-07-11T22:53:13.6202056Z Collecting charset_normalizer<4,>=2 (from requests<2.35.0,>=2.32.5->aws-sam-cli==1.*)
2026-07-11T22:53:13.6241595Z   Downloading charset_normalizer-3.4.9-cp311-cp311-manylinux2014_x86_64.manylinux_2_17_x86_64.manylinux_2_28_x86_64.whl.metadata (41 kB)
2026-07-11T22:53:13.6403499Z Collecting idna<4,>=2.5 (from requests<2.35.0,>=2.32.5->aws-sam-cli==1.*)
2026-07-11T22:53:13.6438066Z   Downloading idna-3.18-py3-none-any.whl.metadata (6.1 kB)
2026-07-11T22:53:13.6600325Z Collecting certifi>=2023.5.7 (from requests<2.35.0,>=2.32.5->aws-sam-cli==1.*)
2026-07-11T22:53:13.6635250Z   Downloading certifi-2026.6.17-py3-none-any.whl.metadata (2.5 kB)
2026-07-11T22:53:13.6798903Z Collecting markdown-it-py>=2.2.0 (from rich<15.1.0,>=14.3.3->aws-sam-cli==1.*)
2026-07-11T22:53:13.6834592Z   Downloading markdown_it_py-4.2.0-py3-none-any.whl.metadata (7.4 kB)
2026-07-11T22:53:13.7022519Z Collecting pygments<3.0.0,>=2.13.0 (from rich<15.1.0,>=14.3.3->aws-sam-cli==1.*)
2026-07-11T22:53:13.7058259Z   Downloading pygments-2.20.0-py3-none-any.whl.metadata (2.5 kB)
2026-07-11T22:53:13.8318997Z Collecting botocore-stubs (from boto3-stubs>=1.41.0->boto3-stubs[apigateway,cloudformation,ecr,iam,kinesis,lambda,s3,schemas,secretsmanager,signer,sqs,stepfunctions,sts,xray]>=1.41.0->aws-sam-cli==1.*)
2026-07-11T22:53:13.8363516Z   Downloading botocore_stubs-1.43.14-py3-none-any.whl.metadata (3.4 kB)
2026-07-11T22:53:13.8506469Z Collecting types-s3transfer (from boto3-stubs>=1.41.0->boto3-stubs[apigateway,cloudformation,ecr,iam,kinesis,lambda,s3,schemas,secretsmanager,signer,sqs,stepfunctions,sts,xray]>=1.41.0->aws-sam-cli==1.*)
2026-07-11T22:53:13.8548196Z   Downloading types_s3transfer-0.16.0-py3-none-any.whl.metadata (3.7 kB)
2026-07-11T22:53:13.9388871Z Collecting mypy-boto3-apigateway<1.44.0,>=1.43.0 (from boto3-stubs[apigateway,cloudformation,ecr,iam,kinesis,lambda,s3,schemas,secretsmanager,signer,sqs,stepfunctions,sts,xray]>=1.41.0->aws-sam-cli==1.*)
2026-07-11T22:53:13.9435188Z   Downloading mypy_boto3_apigateway-1.43.0-py3-none-any.whl.metadata (16 kB)
2026-07-11T22:53:14.0778756Z Collecting mypy-boto3-cloudformation<1.44.0,>=1.43.0 (from boto3-stubs[apigateway,cloudformation,ecr,iam,kinesis,lambda,s3,schemas,secretsmanager,signer,sqs,stepfunctions,sts,xray]>=1.41.0->aws-sam-cli==1.*)
2026-07-11T22:53:14.0815503Z   Downloading mypy_boto3_cloudformation-1.43.38-py3-none-any.whl.metadata (22 kB)
2026-07-11T22:53:14.1496058Z Collecting mypy-boto3-ecr<1.44.0,>=1.43.0 (from boto3-stubs[apigateway,cloudformation,ecr,iam,kinesis,lambda,s3,schemas,secretsmanager,signer,sqs,stepfunctions,sts,xray]>=1.41.0->aws-sam-cli==1.*)
2026-07-11T22:53:14.1559638Z   Downloading mypy_boto3_ecr-1.43.0-py3-none-any.whl.metadata (16 kB)
2026-07-11T22:53:14.2160580Z Collecting mypy-boto3-iam<1.44.0,>=1.43.0 (from boto3-stubs[apigateway,cloudformation,ecr,iam,kinesis,lambda,s3,schemas,secretsmanager,signer,sqs,stepfunctions,sts,xray]>=1.41.0->aws-sam-cli==1.*)
2026-07-11T22:53:14.2228120Z   Downloading mypy_boto3_iam-1.43.29-py3-none-any.whl.metadata (24 kB)
2026-07-11T22:53:14.2781958Z Collecting mypy-boto3-kinesis<1.44.0,>=1.43.0 (from boto3-stubs[apigateway,cloudformation,ecr,iam,kinesis,lambda,s3,schemas,secretsmanager,signer,sqs,stepfunctions,sts,xray]>=1.41.0->aws-sam-cli==1.*)
2026-07-11T22:53:14.2837151Z   Downloading mypy_boto3_kinesis-1.43.0-py3-none-any.whl.metadata (15 kB)
2026-07-11T22:53:14.3435316Z Collecting mypy-boto3-lambda<1.44.0,>=1.43.0 (from boto3-stubs[apigateway,cloudformation,ecr,iam,kinesis,lambda,s3,schemas,secretsmanager,signer,sqs,stepfunctions,sts,xray]>=1.41.0->aws-sam-cli==1.*)
2026-07-11T22:53:14.3485286Z   Downloading mypy_boto3_lambda-1.43.46-py3-none-any.whl.metadata (18 kB)
2026-07-11T22:53:14.4179104Z Collecting mypy-boto3-s3<1.44.0,>=1.43.0 (from boto3-stubs[apigateway,cloudformation,ecr,iam,kinesis,lambda,s3,schemas,secretsmanager,signer,sqs,stepfunctions,sts,xray]>=1.41.0->aws-sam-cli==1.*)
2026-07-11T22:53:14.4225354Z   Downloading mypy_boto3_s3-1.43.31-py3-none-any.whl.metadata (19 kB)
2026-07-11T22:53:14.4730732Z Collecting mypy-boto3-schemas<1.44.0,>=1.43.0 (from boto3-stubs[apigateway,cloudformation,ecr,iam,kinesis,lambda,s3,schemas,secretsmanager,signer,sqs,stepfunctions,sts,xray]>=1.41.0->aws-sam-cli==1.*)
2026-07-11T22:53:14.4775429Z   Downloading mypy_boto3_schemas-1.43.0-py3-none-any.whl.metadata (15 kB)
2026-07-11T22:53:14.5360068Z Collecting mypy-boto3-secretsmanager<1.44.0,>=1.43.0 (from boto3-stubs[apigateway,cloudformation,ecr,iam,kinesis,lambda,s3,schemas,secretsmanager,signer,sqs,stepfunctions,sts,xray]>=1.41.0->aws-sam-cli==1.*)
2026-07-11T22:53:14.5415094Z   Downloading mypy_boto3_secretsmanager-1.43.0-py3-none-any.whl.metadata (14 kB)
2026-07-11T22:53:14.6964805Z Collecting mypy-boto3-signer<1.44.0,>=1.43.0 (from boto3-stubs[apigateway,cloudformation,ecr,iam,kinesis,lambda,s3,schemas,secretsmanager,signer,sqs,stepfunctions,sts,xray]>=1.41.0->aws-sam-cli==1.*)
2026-07-11T22:53:14.7054009Z   Downloading mypy_boto3_signer-1.43.0-py3-none-any.whl.metadata (15 kB)
2026-07-11T22:53:14.7601632Z Collecting mypy-boto3-sqs<1.44.0,>=1.43.0 (from boto3-stubs[apigateway,cloudformation,ecr,iam,kinesis,lambda,s3,schemas,secretsmanager,signer,sqs,stepfunctions,sts,xray]>=1.41.0->aws-sam-cli==1.*)
2026-07-11T22:53:14.7647685Z   Downloading mypy_boto3_sqs-1.43.0-py3-none-any.whl.metadata (16 kB)
2026-07-11T22:53:14.8218217Z Collecting mypy-boto3-stepfunctions<1.44.0,>=1.43.0 (from boto3-stubs[apigateway,cloudformation,ecr,iam,kinesis,lambda,s3,schemas,secretsmanager,signer,sqs,stepfunctions,sts,xray]>=1.41.0->aws-sam-cli==1.*)
2026-07-11T22:53:14.8263351Z   Downloading mypy_boto3_stepfunctions-1.43.7-py3-none-any.whl.metadata (15 kB)
2026-07-11T22:53:14.8797471Z Collecting mypy-boto3-sts<1.44.0,>=1.43.0 (from boto3-stubs[apigateway,cloudformation,ecr,iam,kinesis,lambda,s3,schemas,secretsmanager,signer,sqs,stepfunctions,sts,xray]>=1.41.0->aws-sam-cli==1.*)
2026-07-11T22:53:14.8859505Z   Downloading mypy_boto3_sts-1.43.0-py3-none-any.whl.metadata (13 kB)
2026-07-11T22:53:14.9404411Z Collecting mypy-boto3-xray<1.44.0,>=1.43.0 (from boto3-stubs[apigateway,cloudformation,ecr,iam,kinesis,lambda,s3,schemas,secretsmanager,signer,sqs,stepfunctions,sts,xray]>=1.41.0->aws-sam-cli==1.*)
2026-07-11T22:53:14.9483715Z   Downloading mypy_boto3_xray-1.43.0-py3-none-any.whl.metadata (15 kB)
2026-07-11T22:53:14.9757542Z Collecting pycparser (from cffi>=2.0.0->cryptography<49,>=46.0.0->pyopenssl<26.3,>=25.3->aws-sam-cli==1.*)
2026-07-11T22:53:14.9796995Z   Downloading pycparser-3.0-py3-none-any.whl.metadata (8.2 kB)
2026-07-11T22:53:14.9939133Z Collecting mdurl~=0.1 (from markdown-it-py>=2.2.0->rich<15.1.0,>=14.3.3->aws-sam-cli==1.*)
2026-07-11T22:53:14.9979315Z   Downloading mdurl-0.1.2-py3-none-any.whl.metadata (1.6 kB)
2026-07-11T22:53:15.0112171Z Collecting text-unidecode>=1.3 (from python-slugify>=4.0.0->cookiecutter<2.8,>=2.6->aws-sam-cli==1.*)
2026-07-11T22:53:15.0147293Z   Downloading text_unidecode-1.3-py2.py3-none-any.whl.metadata (2.4 kB)
2026-07-11T22:53:15.0335278Z Collecting mpmath<1.4,>=1.1.0 (from sympy>=1.14.0->cfn-lint<1.53,>=1.51.3->aws-sam-cli==1.*)
2026-07-11T22:53:15.0370068Z   Downloading mpmath-1.3.0-py3-none-any.whl.metadata (8.6 kB)
2026-07-11T22:53:15.0584044Z Collecting tzdata (from arrow->cookiecutter<2.8,>=2.6->aws-sam-cli==1.*)
2026-07-11T22:53:15.0618570Z   Downloading tzdata-2026.3-py2.py3-none-any.whl.metadata (1.4 kB)
2026-07-11T22:53:15.0833256Z Collecting types-awscrt (from botocore-stubs->boto3-stubs>=1.41.0->boto3-stubs[apigateway,cloudformation,ecr,iam,kinesis,lambda,s3,schemas,secretsmanager,signer,sqs,stepfunctions,sts,xray]>=1.41.0->aws-sam-cli==1.*)
2026-07-11T22:53:15.0881170Z   Downloading types_awscrt-0.34.1-py3-none-any.whl.metadata (4.9 kB)
2026-07-11T22:53:15.1011184Z Collecting jsonpointer>=1.9 (from jsonpatch->cfn-lint<1.53,>=1.51.3->aws-sam-cli==1.*)
2026-07-11T22:53:15.1047145Z   Downloading jsonpointer-3.1.1-py3-none-any.whl.metadata (2.4 kB)
2026-07-11T22:53:15.1157238Z Requirement already satisfied: packaging>=24.0 in /home/runner/work/_temp/setup-sam-ADPBIz/.venv/lib/python3.11/site-packages (from wheel->aws_lambda_builders==1.65.0->aws-sam-cli==1.*) (26.2)
2026-07-11T22:53:15.1219642Z Downloading aws_sam_cli-1.163.0-py3-none-any.whl (8.1 MB)
2026-07-11T22:53:15.1701564Z    ━━━━━━━━━━━━━━━━━━━━━━━━━━━━━━━━━━━━━━━━ 8.1/8.1 MB 187.4 MB/s  0:00:00
2026-07-11T22:53:15.1760299Z Downloading aws_lambda_builders-1.65.0-py3-none-any.whl (149 kB)
2026-07-11T22:53:15.1826507Z Downloading aws_sam_translator-1.111.0-py3-none-any.whl (440 kB)
2026-07-11T22:53:15.1942923Z Downloading boto3-1.43.38-py3-none-any.whl (140 kB)
2026-07-11T22:53:15.2011022Z Downloading click-8.1.8-py3-none-any.whl (98 kB)
2026-07-11T22:53:15.2075329Z Downloading tomlkit-0.15.0-py3-none-any.whl (41 kB)
2026-07-11T22:53:15.2133034Z Downloading tzlocal-5.3.1-py3-none-any.whl (18 kB)
2026-07-11T22:53:15.2208934Z Downloading watchdog-4.0.2-py3-none-manylinux2014_x86_64.whl (82 kB)
2026-07-11T22:53:15.2268641Z Downloading botocore-1.43.46-py3-none-any.whl (15.4 MB)
2026-07-11T22:53:15.2744352Z    ━━━━━━━━━━━━━━━━━━━━━━━━━━━━━━━━━━━━━━━━ 15.4/15.4 MB 335.1 MB/s  0:00:00
2026-07-11T22:53:15.2809931Z Downloading awscrt-0.32.2-cp311-abi3-manylinux2014_x86_64.manylinux_2_17_x86_64.whl (4.2 MB)
2026-07-11T22:53:15.3172039Z    ━━━━━━━━━━━━━━━━━━━━━━━━━━━━━━━━━━━━━━━━ 4.2/4.2 MB 116.5 MB/s  0:00:00
2026-07-11T22:53:15.3225428Z Downloading cfn_lint-1.52.1-py3-none-any.whl (5.0 MB)
2026-07-11T22:53:15.3980451Z    ━━━━━━━━━━━━━━━━━━━━━━━━━━━━━━━━━━━━━━━━ 5.0/5.0 MB 64.9 MB/s  0:00:00
2026-07-11T22:53:15.4018289Z Downloading chevron-0.14.0-py3-none-any.whl (11 kB)
2026-07-11T22:53:15.4091526Z Downloading cookiecutter-2.7.1-py3-none-any.whl (41 kB)
2026-07-11T22:53:15.4167407Z Downloading dateparser-1.4.1-py3-none-any.whl (300 kB)
2026-07-11T22:53:15.4261443Z Downloading docker-7.1.0-py3-none-any.whl (147 kB)
2026-07-11T22:53:15.4326209Z Downloading flask-3.1.3-py3-none-any.whl (103 kB)
2026-07-11T22:53:15.4395833Z Downloading jinja2-3.1.6-py3-none-any.whl (134 kB)
2026-07-11T22:53:15.4457490Z Downloading jmespath-1.1.0-py3-none-any.whl (20 kB)
2026-07-11T22:53:15.4512429Z Downloading jsonschema-4.26.0-py3-none-any.whl (90 kB)
2026-07-11T22:53:15.4572512Z Downloading networkx-3.6.1-py3-none-any.whl (2.1 MB)
2026-07-11T22:53:15.4656649Z    ━━━━━━━━━━━━━━━━━━━━━━━━━━━━━━━━━━━━━━━━ 2.1/2.1 MB 294.0 MB/s  0:00:00
2026-07-11T22:53:15.4695135Z Downloading pydantic-2.13.4-py3-none-any.whl (472 kB)
2026-07-11T22:53:15.4760486Z Downloading pydantic_core-2.46.4-cp311-cp311-manylinux_2_17_x86_64.manylinux2014_x86_64.whl (2.1 MB)
2026-07-11T22:53:15.4843041Z    ━━━━━━━━━━━━━━━━━━━━━━━━━━━━━━━━━━━━━━━━ 2.1/2.1 MB 300.4 MB/s  0:00:00
2026-07-11T22:53:15.4876342Z Downloading pyopenssl-26.2.0-py3-none-any.whl (55 kB)
2026-07-11T22:53:15.4934927Z Downloading cryptography-48.0.1-cp311-abi3-manylinux_2_34_x86_64.whl (4.7 MB)
2026-07-11T22:53:15.5152793Z    ━━━━━━━━━━━━━━━━━━━━━━━━━━━━━━━━━━━━━━━━ 4.7/4.7 MB 230.0 MB/s  0:00:00
2026-07-11T22:53:15.5191005Z Downloading python_dateutil-2.9.0.post0-py2.py3-none-any.whl (229 kB)
2026-07-11T22:53:15.5253618Z Downloading python_dotenv-1.2.2-py3-none-any.whl (22 kB)
2026-07-11T22:53:15.5321119Z Downloading pyyaml-6.0.3-cp311-cp311-manylinux2014_x86_64.manylinux_2_17_x86_64.manylinux_2_28_x86_64.whl (806 kB)
2026-07-11T22:53:15.5365859Z    ━━━━━━━━━━━━━━━━━━━━━━━━━━━━━━━━━━━━━━━━ 806.6/806.6 kB 163.0 MB/s  0:00:00
2026-07-11T22:53:15.5406821Z Downloading requests-2.34.2-py3-none-any.whl (73 kB)
2026-07-11T22:53:15.5465114Z Downloading charset_normalizer-3.4.9-cp311-cp311-manylinux2014_x86_64.manylinux_2_17_x86_64.manylinux_2_28_x86_64.whl (221 kB)
2026-07-11T22:53:15.5524307Z Downloading idna-3.18-py3-none-any.whl (65 kB)
2026-07-11T22:53:15.5578884Z Downloading rich-15.0.0-py3-none-any.whl (310 kB)
2026-07-11T22:53:15.5638533Z Downloading pygments-2.20.0-py3-none-any.whl (1.2 MB)
2026-07-11T22:53:15.5699797Z    ━━━━━━━━━━━━━━━━━━━━━━━━━━━━━━━━━━━━━━━━ 1.2/1.2 MB 242.8 MB/s  0:00:00
2026-07-11T22:53:15.5733611Z Downloading ruamel_yaml-0.19.1-py3-none-any.whl (118 kB)
2026-07-11T22:53:15.5788401Z Downloading s3transfer-0.19.1-py3-none-any.whl (90 kB)
2026-07-11T22:53:15.5845005Z Downloading typing_extensions-4.16.0-py3-none-any.whl (45 kB)
2026-07-11T22:53:15.5897780Z Downloading urllib3-2.7.0-py3-none-any.whl (131 kB)
2026-07-11T22:53:15.5960610Z Downloading annotated_types-0.7.0-py3-none-any.whl (13 kB)
2026-07-11T22:53:15.6035143Z Downloading attrs-26.1.0-py3-none-any.whl (67 kB)
2026-07-11T22:53:15.6122033Z Downloading binaryornot-0.6.0-py3-none-any.whl (14 kB)
2026-07-11T22:53:15.6359755Z Downloading blinker-1.9.0-py3-none-any.whl (8.5 kB)
2026-07-11T22:53:15.8593109Z Downloading boto3_stubs-1.43.46-py3-none-any.whl (70 kB)
2026-07-11T22:53:15.8666142Z Downloading mypy_boto3_apigateway-1.43.0-py3-none-any.whl (51 kB)
2026-07-11T22:53:15.8744414Z Downloading mypy_boto3_cloudformation-1.43.38-py3-none-any.whl (72 kB)
2026-07-11T22:53:15.8807889Z Downloading mypy_boto3_ecr-1.43.0-py3-none-any.whl (43 kB)
2026-07-11T22:53:15.8872603Z Downloading mypy_boto3_iam-1.43.29-py3-none-any.whl (95 kB)
2026-07-11T22:53:15.8944646Z Downloading mypy_boto3_kinesis-1.43.0-py3-none-any.whl (33 kB)
2026-07-11T22:53:15.9026892Z Downloading mypy_boto3_lambda-1.43.46-py3-none-any.whl (61 kB)
2026-07-11T22:53:15.9098335Z Downloading mypy_boto3_s3-1.43.31-py3-none-any.whl (86 kB)
2026-07-11T22:53:15.9184744Z Downloading mypy_boto3_schemas-1.43.0-py3-none-any.whl (28 kB)
2026-07-11T22:53:15.9254444Z Downloading mypy_boto3_secretsmanager-1.43.0-py3-none-any.whl (27 kB)
2026-07-11T22:53:15.9321952Z Downloading mypy_boto3_signer-1.43.0-py3-none-any.whl (28 kB)
2026-07-11T22:53:15.9394882Z Downloading mypy_boto3_sqs-1.43.0-py3-none-any.whl (33 kB)
2026-07-11T22:53:15.9463738Z Downloading mypy_boto3_stepfunctions-1.43.7-py3-none-any.whl (36 kB)
2026-07-11T22:53:15.9525616Z Downloading mypy_boto3_sts-1.43.0-py3-none-any.whl (20 kB)
2026-07-11T22:53:15.9585433Z Downloading mypy_boto3_xray-1.43.0-py3-none-any.whl (36 kB)
2026-07-11T22:53:15.9637459Z Downloading certifi-2026.6.17-py3-none-any.whl (133 kB)
2026-07-11T22:53:15.9692317Z Downloading cffi-2.1.0-cp311-cp311-manylinux2014_x86_64.manylinux_2_17_x86_64.whl (217 kB)
2026-07-11T22:53:15.9749880Z Downloading itsdangerous-2.2.0-py3-none-any.whl (16 kB)
2026-07-11T22:53:15.9802703Z Downloading jsonschema_specifications-2025.9.1-py3-none-any.whl (18 kB)
2026-07-11T22:53:15.9852244Z Downloading markdown_it_py-4.2.0-py3-none-any.whl (91 kB)
2026-07-11T22:53:15.9905806Z Downloading mdurl-0.1.2-py3-none-any.whl (10.0 kB)
2026-07-11T22:53:15.9965357Z Downloading markupsafe-3.0.3-cp311-cp311-manylinux2014_x86_64.manylinux_2_17_x86_64.manylinux_2_28_x86_64.whl (22 kB)
2026-07-11T22:53:16.0043589Z Downloading python_slugify-8.0.4-py2.py3-none-any.whl (10 kB)
2026-07-11T22:53:16.0103664Z Downloading pytz-2026.2-py2.py3-none-any.whl (510 kB)
2026-07-11T22:53:16.0175251Z Downloading referencing-0.37.0-py3-none-any.whl (26 kB)
2026-07-11T22:53:16.0241362Z Downloading regex-2026.7.10-cp311-cp311-manylinux2014_x86_64.manylinux_2_17_x86_64.manylinux_2_28_x86_64.whl (799 kB)
2026-07-11T22:53:16.0298475Z    ━━━━━━━━━━━━━━━━━━━━━━━━━━━━━━━━━━━━━━━━ 799.9/799.9 kB 155.4 MB/s  0:00:00
2026-07-11T22:53:16.0335002Z Downloading rpds_py-2026.6.3-cp311-cp311-manylinux_2_17_x86_64.manylinux2014_x86_64.whl (371 kB)
2026-07-11T22:53:16.0398514Z Downloading six-1.17.0-py2.py3-none-any.whl (11 kB)
2026-07-11T22:53:16.0476504Z Downloading sympy-1.14.0-py3-none-any.whl (6.3 MB)
2026-07-11T22:53:16.0690677Z    ━━━━━━━━━━━━━━━━━━━━━━━━━━━━━━━━━━━━━━━━ 6.3/6.3 MB 319.9 MB/s  0:00:00
2026-07-11T22:53:16.0729307Z Downloading mpmath-1.3.0-py3-none-any.whl (536 kB)
2026-07-11T22:53:16.0774546Z    ━━━━━━━━━━━━━━━━━━━━━━━━━━━━━━━━━━━━━━━━ 536.2/536.2 kB 110.7 MB/s  0:00:00
2026-07-11T22:53:16.0809745Z Downloading text_unidecode-1.3-py2.py3-none-any.whl (78 kB)
2026-07-11T22:53:16.0863337Z Downloading typing_inspection-0.4.2-py3-none-any.whl (14 kB)
2026-07-11T22:53:16.0919927Z Downloading werkzeug-3.1.8-py3-none-any.whl (226 kB)
2026-07-11T22:53:16.0976146Z Downloading arrow-1.4.0-py3-none-any.whl (68 kB)
2026-07-11T22:53:16.1050025Z Downloading botocore_stubs-1.43.14-py3-none-any.whl (67 kB)
2026-07-11T22:53:16.1107452Z Downloading jsonpatch-1.33-py2.py3-none-any.whl (12 kB)
2026-07-11T22:53:16.1162799Z Downloading jsonpointer-3.1.1-py3-none-any.whl (7.7 kB)
2026-07-11T22:53:16.1213842Z Downloading pycparser-3.0-py3-none-any.whl (48 kB)
2026-07-11T22:53:16.1316565Z Downloading types_awscrt-0.34.1-py3-none-any.whl (45 kB)
2026-07-11T22:53:16.1372499Z Downloading types_s3transfer-0.16.0-py3-none-any.whl (19 kB)
2026-07-11T22:53:16.1429137Z Downloading tzdata-2026.3-py2.py3-none-any.whl (348 kB)
2026-07-11T22:53:16.4289167Z Installing collected packages: text-unidecode, pytz, mpmath, chevron, watchdog, urllib3, tzlocal, tzdata, typing_extensions, types-s3transfer, types-awscrt, tomlkit, sympy, six, ruamel_yaml, rpds-py, regex, PyYAML, python-slugify, python-dotenv, pygments, pycparser, networkx, mdurl, markupsafe, jsonpointer, jmespath, itsdangerous, idna, click, charset_normalizer, certifi, blinker, binaryornot, awscrt, attrs, annotated-types, werkzeug, typing-inspection, requests, referencing, python-dateutil, pydantic-core, mypy-boto3-xray, mypy-boto3-sts, mypy-boto3-stepfunctions, mypy-boto3-sqs, mypy-boto3-signer, mypy-boto3-secretsmanager, mypy-boto3-schemas, mypy-boto3-s3, mypy-boto3-lambda, mypy-boto3-kinesis, mypy-boto3-iam, mypy-boto3-ecr, mypy-boto3-cloudformation, mypy-boto3-apigateway, markdown-it-py, jsonpatch, Jinja2, cffi, botocore-stubs, aws_lambda_builders, rich, pydantic, jsonschema-specifications, Flask, docker, dateparser, cryptography, botocore, boto3-stubs, arrow, s3transfer, pyopenssl, jsonschema, cookiecutter, boto3, aws-sam-translator, cfn-lint, aws-sam-cli
2026-07-11T22:53:22.5882926Z   Attempting uninstall: PyYAML
2026-07-11T22:53:22.5900119Z     Found existing installation: PyYAML 5.4.1
2026-07-11T22:53:22.5930595Z     Uninstalling PyYAML-5.4.1:
2026-07-11T22:53:22.5941896Z       Successfully uninstalled PyYAML-5.4.1
2026-07-11T22:53:29.1439247Z 
2026-07-11T22:53:29.1478746Z Successfully installed Flask-3.1.3 Jinja2-3.1.6 PyYAML-6.0.3 annotated-types-0.7.0 arrow-1.4.0 attrs-26.1.0 aws-sam-cli-1.163.0 aws-sam-translator-1.111.0 aws_lambda_builders-1.65.0 awscrt-0.32.2 binaryornot-0.6.0 blinker-1.9.0 boto3-1.43.38 boto3-stubs-1.43.46 botocore-1.43.46 botocore-stubs-1.43.14 certifi-2026.6.17 cffi-2.1.0 cfn-lint-1.52.1 charset_normalizer-3.4.9 chevron-0.14.0 click-8.1.8 cookiecutter-2.7.1 cryptography-48.0.1 dateparser-1.4.1 docker-7.1.0 idna-3.18 itsdangerous-2.2.0 jmespath-1.1.0 jsonpatch-1.33 jsonpointer-3.1.1 jsonschema-4.26.0 jsonschema-specifications-2025.9.1 markdown-it-py-4.2.0 markupsafe-3.0.3 mdurl-0.1.2 mpmath-1.3.0 mypy-boto3-apigateway-1.43.0 mypy-boto3-cloudformation-1.43.38 mypy-boto3-ecr-1.43.0 mypy-boto3-iam-1.43.29 mypy-boto3-kinesis-1.43.0 mypy-boto3-lambda-1.43.46 mypy-boto3-s3-1.43.31 mypy-boto3-schemas-1.43.0 mypy-boto3-secretsmanager-1.43.0 mypy-boto3-signer-1.43.0 mypy-boto3-sqs-1.43.0 mypy-boto3-stepfunctions-1.43.7 mypy-boto3-sts-1.43.0 mypy-boto3-xray-1.43.0 networkx-3.6.1 pycparser-3.0 pydantic-2.13.4 pydantic-core-2.46.4 pygments-2.20.0 pyopenssl-26.2.0 python-dateutil-2.9.0.post0 python-dotenv-1.2.2 python-slugify-8.0.4 pytz-2026.2 referencing-0.37.0 regex-2026.7.10 requests-2.34.2 rich-15.0.0 rpds-py-2026.6.3 ruamel_yaml-0.19.1 s3transfer-0.19.1 six-1.17.0 sympy-1.14.0 text-unidecode-1.3 tomlkit-0.15.0 types-awscrt-0.34.1 types-s3transfer-0.16.0 typing-inspection-0.4.2 typing_extensions-4.16.0 tzdata-2026.3 tzlocal-5.3.1 urllib3-2.7.0 watchdog-4.0.2 werkzeug-3.1.8
2026-07-11T22:53:29.6217471Z ##[group]Run python scripts/patch_template_mlb_v1.py
2026-07-11T22:53:29.6218359Z [36;1mpython scripts/patch_template_mlb_v1.py[0m
2026-07-11T22:53:29.6252001Z shell: /usr/bin/bash -e {0}
2026-07-11T22:53:29.6252261Z env:
2026-07-11T22:53:29.6252541Z   pythonLocation: /opt/hostedtoolcache/Python/3.11.15/x64
2026-07-11T22:53:29.6252995Z   PKG_CONFIG_PATH: /opt/hostedtoolcache/Python/3.11.15/x64/lib/pkgconfig
2026-07-11T22:53:29.6253430Z   Python_ROOT_DIR: /opt/hostedtoolcache/Python/3.11.15/x64
2026-07-11T22:53:29.6253854Z   Python2_ROOT_DIR: /opt/hostedtoolcache/Python/3.11.15/x64
2026-07-11T22:53:29.6254267Z   Python3_ROOT_DIR: /opt/hostedtoolcache/Python/3.11.15/x64
2026-07-11T22:53:29.6254664Z   LD_LIBRARY_PATH: /opt/hostedtoolcache/Python/3.11.15/x64/lib
2026-07-11T22:53:29.6255256Z   AWS_DEFAULT_REGION: ***
2026-07-11T22:53:29.6255540Z   AWS_REGION: ***
2026-07-11T22:53:29.6255821Z   AWS_ACCESS_KEY_ID: ***
2026-07-11T22:53:29.6256145Z   AWS_SECRET_ACCESS_KEY: ***
2026-07-11T22:53:29.6256427Z ##[endgroup]
2026-07-11T22:53:29.6526801Z Patched template.yaml: MLB uses stable proxy routes, quarter-hour MLB HOT schedule, and daily lock.
2026-07-11T22:53:29.6588273Z ##[group]Run python scripts/patch_template_mlb_security.py
2026-07-11T22:53:29.6588749Z [36;1mpython scripts/patch_template_mlb_security.py[0m
2026-07-11T22:53:29.6620756Z shell: /usr/bin/bash -e {0}
2026-07-11T22:53:29.6621036Z env:
2026-07-11T22:53:29.6621314Z   pythonLocation: /opt/hostedtoolcache/Python/3.11.15/x64
2026-07-11T22:53:29.6621777Z   PKG_CONFIG_PATH: /opt/hostedtoolcache/Python/3.11.15/x64/lib/pkgconfig
2026-07-11T22:53:29.6622250Z   Python_ROOT_DIR: /opt/hostedtoolcache/Python/3.11.15/x64
2026-07-11T22:53:29.6622639Z   Python2_ROOT_DIR: /opt/hostedtoolcache/Python/3.11.15/x64
2026-07-11T22:53:29.6623030Z   Python3_ROOT_DIR: /opt/hostedtoolcache/Python/3.11.15/x64
2026-07-11T22:53:29.6623427Z   LD_LIBRARY_PATH: /opt/hostedtoolcache/Python/3.11.15/x64/lib
2026-07-11T22:53:29.6623864Z   AWS_DEFAULT_REGION: ***
2026-07-11T22:53:29.6624130Z   AWS_REGION: ***
2026-07-11T22:53:29.6624370Z   AWS_ACCESS_KEY_ID: ***
2026-07-11T22:53:29.6624838Z   AWS_SECRET_ACCESS_KEY: ***
2026-07-11T22:53:29.6625086Z ##[endgroup]
2026-07-11T22:53:29.6870822Z Patched template.yaml to route MLB smoke endpoints through backend wrapper, protect HTTP MLB writes, and schedule AWS MLB production verification checks.
2026-07-11T22:53:29.6930827Z ##[group]Run python scripts/patch_template_mlb_results_routes.py
2026-07-11T22:53:29.6931357Z [36;1mpython scripts/patch_template_mlb_results_routes.py[0m
2026-07-11T22:53:29.6963335Z shell: /usr/bin/bash -e {0}
2026-07-11T22:53:29.6963617Z env:
2026-07-11T22:53:29.6963896Z   pythonLocation: /opt/hostedtoolcache/Python/3.11.15/x64
2026-07-11T22:53:29.6964358Z   PKG_CONFIG_PATH: /opt/hostedtoolcache/Python/3.11.15/x64/lib/pkgconfig
2026-07-11T22:53:29.6964807Z   Python_ROOT_DIR: /opt/hostedtoolcache/Python/3.11.15/x64
2026-07-11T22:53:29.6965198Z   Python2_ROOT_DIR: /opt/hostedtoolcache/Python/3.11.15/x64
2026-07-11T22:53:29.6965583Z   Python3_ROOT_DIR: /opt/hostedtoolcache/Python/3.11.15/x64
2026-07-11T22:53:29.6966007Z   LD_LIBRARY_PATH: /opt/hostedtoolcache/Python/3.11.15/x64/lib
2026-07-11T22:53:29.6966435Z   AWS_DEFAULT_REGION: ***
2026-07-11T22:53:29.6966699Z   AWS_REGION: ***
2026-07-11T22:53:29.6966942Z   AWS_ACCESS_KEY_ID: ***
2026-07-11T22:53:29.6967294Z   AWS_SECRET_ACCESS_KEY: ***
2026-07-11T22:53:29.6967536Z ##[endgroup]
2026-07-11T22:53:29.7225328Z Patched MLB results routes and routed final deploy smoke check through main API.
2026-07-11T22:53:29.7286281Z ##[group]Run python scripts/verify_mlb_schedule_invariants.py
2026-07-11T22:53:29.7286918Z [36;1mpython scripts/verify_mlb_schedule_invariants.py[0m
2026-07-11T22:53:29.7319546Z shell: /usr/bin/bash -e {0}
2026-07-11T22:53:29.7319810Z env:
2026-07-11T22:53:29.7320084Z   pythonLocation: /opt/hostedtoolcache/Python/3.11.15/x64
2026-07-11T22:53:29.7320536Z   PKG_CONFIG_PATH: /opt/hostedtoolcache/Python/3.11.15/x64/lib/pkgconfig
2026-07-11T22:53:29.7321004Z   Python_ROOT_DIR: /opt/hostedtoolcache/Python/3.11.15/x64
2026-07-11T22:53:29.7321407Z   Python2_ROOT_DIR: /opt/hostedtoolcache/Python/3.11.15/x64
2026-07-11T22:53:29.7321800Z   Python3_ROOT_DIR: /opt/hostedtoolcache/Python/3.11.15/x64
2026-07-11T22:53:29.7322199Z   LD_LIBRARY_PATH: /opt/hostedtoolcache/Python/3.11.15/x64/lib
2026-07-11T22:53:29.7322629Z   AWS_DEFAULT_REGION: ***
2026-07-11T22:53:29.7322890Z   AWS_REGION: ***
2026-07-11T22:53:29.7323129Z   AWS_ACCESS_KEY_ID: ***
2026-07-11T22:53:29.7323507Z   AWS_SECRET_ACCESS_KEY: ***
2026-07-11T22:53:29.7323748Z ##[endgroup]
2026-07-11T22:53:29.8092661Z Traceback (most recent call last):
2026-07-11T22:53:29.8101494Z   File "/home/runner/work/parlay-platform/parlay-platform/scripts/verify_mlb_complete_slate_coverage.py", line 23, in <module>
2026-07-11T22:53:29.8102660Z     import mlb_daily_pick_lock as daily_lock
2026-07-11T22:53:29.8103833Z   File "/home/runner/work/parlay-platform/parlay-platform/hello_world/mlb_daily_pick_lock.py", line 10, in <module>
2026-07-11T22:53:29.8104803Z     import boto3
2026-07-11T22:53:29.8105217Z ModuleNotFoundError: No module named 'boto3'
2026-07-11T22:53:29.8148682Z Traceback (most recent call last):
2026-07-11T22:53:29.8149816Z   File "/home/runner/work/parlay-platform/parlay-platform/scripts/verify_mlb_schedule_invariants.py", line 87, in <module>
2026-07-11T22:53:29.8151040Z     subprocess.run([sys.executable, str(COVERAGE_VERIFY)], check=True)
2026-07-11T22:53:29.8151731Z   File "/opt/hostedtoolcache/Python/3.11.15/x64/lib/python3.11/subprocess.py", line 571, in run
2026-07-11T22:53:29.8518933Z     raise CalledProcessError(retcode, process.args,
2026-07-11T22:53:29.8520408Z subprocess.CalledProcessError: Command '['/opt/hostedtoolcache/Python/3.11.15/x64/bin/python', 'scripts/verify_mlb_complete_slate_coverage.py']' returned non-zero exit status 1.
2026-07-11T22:53:29.8586102Z ##[error]Process completed with exit code 1.
2026-07-11T22:53:29.8780016Z Node 20 is being deprecated. This workflow is running with Node 24 by default. If you need to temporarily use Node 20, you can set the ACTIONS_ALLOW_USE_UNSECURE_NODE_VERSION=true environment variable. For more information see: https://github.blog/changelog/2025-09-19-deprecation-of-node-20-on-github-actions-runners/
2026-07-11T22:53:29.8781278Z Post job cleanup.
2026-07-11T22:53:29.9963766Z Node 20 is being deprecated. This workflow is running with Node 24 by default. If you need to temporarily use Node 20, you can set the ACTIONS_ALLOW_USE_UNSECURE_NODE_VERSION=true environment variable. For more information see: https://github.blog/changelog/2025-09-19-deprecation-of-node-20-on-github-actions-runners/
2026-07-11T22:53:29.9965038Z Post job cleanup.
2026-07-11T22:53:30.0818482Z [command]/usr/bin/git version
2026-07-11T22:53:30.0862229Z git version 2.54.0
2026-07-11T22:53:30.0905410Z Temporarily overriding HOME='/home/runner/work/_temp/a3441e75-0d5d-47bd-b0e1-9f3d275a62d6' before making global git config changes
2026-07-11T22:53:30.0906761Z Adding repository directory to the temporary git global config as a safe directory
2026-07-11T22:53:30.0911993Z [command]/usr/bin/git config --global --add safe.directory /home/runner/work/parlay-platform/parlay-platform
2026-07-11T22:53:30.0950992Z [command]/usr/bin/git config --local --name-only --get-regexp core\.sshCommand
2026-07-11T22:53:30.0986309Z [command]/usr/bin/git submodule foreach --recursive sh -c "git config --local --name-only --get-regexp 'core\.sshCommand' && git config --local --unset-all 'core.sshCommand' || :"
2026-07-11T22:53:30.1245513Z [command]/usr/bin/git config --local --name-only --get-regexp http\.https\:\/\/github\.com\/\.extraheader
2026-07-11T22:53:30.1273200Z http.https://github.com/.extraheader
2026-07-11T22:53:30.1285926Z [command]/usr/bin/git config --local --unset-all http.https://github.com/.extraheader
2026-07-11T22:53:30.1320391Z [command]/usr/bin/git submodule foreach --recursive sh -c "git config --local --name-only --get-regexp 'http\.https\:\/\/github\.com\/\.extraheader' && git config --local --unset-all 'http.https://github.com/.extraheader' || :"
2026-07-11T22:53:30.1573047Z [command]/usr/bin/git config --local --name-only --get-regexp ^includeIf\.gitdir:
2026-07-11T22:53:30.1610460Z [command]/usr/bin/git submodule foreach --recursive git config --local --show-origin --name-only --get-regexp remote.origin.url
2026-07-11T22:53:30.1990907Z Cleaning up orphan processes
2026-07-11T22:53:30.2273709Z ##[warning]Node.js 20 is deprecated. The following actions target Node.js 20 but are being forced to run on Node.js 24: actions/checkout@v4, actions/setup-python@v5, aws-actions/configure-aws-credentials@v4, aws-actions/setup-sam@v2. For more information see: https://github.blog/changelog/2025-09-19-deprecation-of-node-20-on-github-actions-runners/
